[2025-07-23T22:21:18.131-0400] {taskinstance.py:1956} INFO - Dependencies all met for dep_context=non-requeueable deps ti=<TaskInstance: etl_local_csv_pipeline.check_csv_files manual__2025-07-24T02:21:16.705138+00:00 [queued]>
[2025-07-23T22:21:18.149-0400] {taskinstance.py:1956} INFO - Dependencies all met for dep_context=requeueable deps ti=<TaskInstance: etl_local_csv_pipeline.check_csv_files manual__2025-07-24T02:21:16.705138+00:00 [queued]>
[2025-07-23T22:21:18.150-0400] {taskinstance.py:2170} INFO - Starting attempt 1 of 2
[2025-07-23T22:21:18.169-0400] {taskinstance.py:2191} INFO - Executing <Task(PythonOperator): check_csv_files> on 2025-07-24 02:21:16.705138+00:00
[2025-07-23T22:21:18.180-0400] {standard_task_runner.py:60} INFO - Started process 230 to run task
[2025-07-23T22:21:18.184-0400] {standard_task_runner.py:87} INFO - Running: ['airflow', 'tasks', 'run', 'etl_local_csv_pipeline', 'check_csv_files', 'manual__2025-07-24T02:21:16.705138+00:00', '--job-id', '16', '--raw', '--subdir', 'DAGS_FOLDER/etl_local_dag.py', '--cfg-path', '/tmp/tmps7e0hqjd']
[2025-07-23T22:21:18.189-0400] {standard_task_runner.py:88} INFO - Job 16: Subtask check_csv_files
[2025-07-23T22:21:18.276-0400] {task_command.py:423} INFO - Running <TaskInstance: etl_local_csv_pipeline.check_csv_files manual__2025-07-24T02:21:16.705138+00:00 [running]> on host a253e541d1df
[2025-07-23T22:21:18.355-0400] {taskinstance.py:2480} INFO - Exporting env vars: AIRFLOW_CTX_DAG_OWNER='data-team' AIRFLOW_CTX_DAG_ID='etl_local_csv_pipeline' AIRFLOW_CTX_TASK_ID='check_csv_files' AIRFLOW_CTX_EXECUTION_DATE='2025-07-24T02:21:16.705138+00:00' AIRFLOW_CTX_TRY_NUMBER='1' AIRFLOW_CTX_DAG_RUN_ID='manual__2025-07-24T02:21:16.705138+00:00'
[2025-07-23T22:21:18.359-0400] {etl_local_dag.py:47} INFO - Found CSV files: ['2019-PT1.csv', '2019-PT2.csv', '2020-PT1.csv', '2020-PT2.csv', '2021-PT1.csv', '2021-PT2.csv', '2022-PT1.csv', '2022-PT2.csv', '2023-PT1.csv', '2023-PT2.csv']
[2025-07-23T22:21:18.384-0400] {etl_local_dag.py:61} INFO - ✓ 2019-PT1.csv - Successfully read with latin-1 encoding
[2025-07-23T22:21:18.385-0400] {etl_local_dag.py:80} INFO - ✓ 2019-PT1.csv - Valid Chilean export data file
[2025-07-23T22:21:18.386-0400] {etl_local_dag.py:81} INFO -   Columns found: DIA, MES, AÑO, NUMERO DE ACEPTACION, ADUANA, RUT, DV, EXPORTADOR, PARTIDA ARANCELARIA, PRODUCTO...
[2025-07-23T22:21:18.405-0400] {etl_local_dag.py:61} INFO - ✓ 2019-PT2.csv - Successfully read with latin-1 encoding
[2025-07-23T22:21:18.405-0400] {etl_local_dag.py:80} INFO - ✓ 2019-PT2.csv - Valid Chilean export data file
[2025-07-23T22:21:18.406-0400] {etl_local_dag.py:81} INFO -   Columns found: DIA, MES, AÑO, NUMERO DE ACEPTACION, ADUANA, RUT, DV, EXPORTADOR, PARTIDA ARANCELARIA, PRODUCTO...
[2025-07-23T22:21:18.422-0400] {etl_local_dag.py:61} INFO - ✓ 2020-PT1.csv - Successfully read with latin-1 encoding
[2025-07-23T22:21:18.423-0400] {etl_local_dag.py:80} INFO - ✓ 2020-PT1.csv - Valid Chilean export data file
[2025-07-23T22:21:18.423-0400] {etl_local_dag.py:81} INFO -   Columns found: DIA, MES, AÑO, NUMERO DE ACEPTACION, ADUANA, RUT, DV, EXPORTADOR, PARTIDA ARANCELARIA, PRODUCTO...
[2025-07-23T22:21:18.439-0400] {etl_local_dag.py:61} INFO - ✓ 2020-PT2.csv - Successfully read with latin-1 encoding
[2025-07-23T22:21:18.439-0400] {etl_local_dag.py:80} INFO - ✓ 2020-PT2.csv - Valid Chilean export data file
[2025-07-23T22:21:18.440-0400] {etl_local_dag.py:81} INFO -   Columns found: DIA, MES, AÑO, NUMERO DE ACEPTACION, ADUANA, RUT, DV, EXPORTADOR, PARTIDA ARANCELARIA, PRODUCTO...
[2025-07-23T22:21:18.456-0400] {etl_local_dag.py:61} INFO - ✓ 2021-PT1.csv - Successfully read with latin-1 encoding
[2025-07-23T22:21:18.457-0400] {etl_local_dag.py:80} INFO - ✓ 2021-PT1.csv - Valid Chilean export data file
[2025-07-23T22:21:18.458-0400] {etl_local_dag.py:81} INFO -   Columns found: DIA, MES, AÑO, NUMERO DE ACEPTACION, ADUANA, RUT, DV, EXPORTADOR, PARTIDA ARANCELARIA, PRODUCTO...
[2025-07-23T22:21:18.473-0400] {etl_local_dag.py:61} INFO - ✓ 2021-PT2.csv - Successfully read with latin-1 encoding
[2025-07-23T22:21:18.473-0400] {etl_local_dag.py:80} INFO - ✓ 2021-PT2.csv - Valid Chilean export data file
[2025-07-23T22:21:18.474-0400] {etl_local_dag.py:81} INFO -   Columns found: DIA, MES, AÑO, NUMERO DE ACEPTACION, ADUANA, RUT, DV, EXPORTADOR, PARTIDA ARANCELARIA, PRODUCTO...
[2025-07-23T22:21:18.487-0400] {etl_local_dag.py:61} INFO - ✓ 2022-PT1.csv - Successfully read with latin-1 encoding
[2025-07-23T22:21:18.488-0400] {etl_local_dag.py:80} INFO - ✓ 2022-PT1.csv - Valid Chilean export data file
[2025-07-23T22:21:18.489-0400] {etl_local_dag.py:81} INFO -   Columns found: DIA, MES, AÑO, NUMERO DE ACEPTACION, ADUANA, RUT, DV, EXPORTADOR, PARTIDA ARANCELARIA, PRODUCTO...
[2025-07-23T22:21:18.507-0400] {etl_local_dag.py:61} INFO - ✓ 2022-PT2.csv - Successfully read with latin-1 encoding
[2025-07-23T22:21:18.508-0400] {etl_local_dag.py:80} INFO - ✓ 2022-PT2.csv - Valid Chilean export data file
[2025-07-23T22:21:18.508-0400] {etl_local_dag.py:81} INFO -   Columns found: DIA, MES, AÑO, NUMERO DE ACEPTACION, ADUANA, RUT, DV, EXPORTADOR, PARTIDA ARANCELARIA, PRODUCTO...
[2025-07-23T22:21:18.525-0400] {etl_local_dag.py:61} INFO - ✓ 2023-PT1.csv - Successfully read with latin-1 encoding
[2025-07-23T22:21:18.525-0400] {etl_local_dag.py:80} INFO - ✓ 2023-PT1.csv - Valid Chilean export data file
[2025-07-23T22:21:18.526-0400] {etl_local_dag.py:81} INFO -   Columns found: DIA, MES, AÑO, NUMERO DE ACEPTACION, ADUANA, RUT, DV, EXPORTADOR, PARTIDA ARANCELARIA, PRODUCTO...
[2025-07-23T22:21:18.540-0400] {etl_local_dag.py:61} INFO - ✓ 2023-PT2.csv - Successfully read with latin-1 encoding
[2025-07-23T22:21:18.541-0400] {etl_local_dag.py:80} INFO - ✓ 2023-PT2.csv - Valid Chilean export data file
[2025-07-23T22:21:18.541-0400] {etl_local_dag.py:81} INFO -   Columns found: DIA, MES, AÑO, NUMERO DE ACEPTACION, ADUANA, RUT, DV, EXPORTADOR, PARTIDA ARANCELARIA, PRODUCTO...
[2025-07-23T22:21:18.542-0400] {etl_local_dag.py:94} INFO - Valid export data files: ['2019-PT1.csv', '2019-PT2.csv', '2020-PT1.csv', '2020-PT2.csv', '2021-PT1.csv', '2021-PT2.csv', '2022-PT1.csv', '2022-PT2.csv', '2023-PT1.csv', '2023-PT2.csv']
[2025-07-23T22:21:18.542-0400] {python.py:201} INFO - Done. Returned value was: ['2019-PT1.csv', '2019-PT2.csv', '2020-PT1.csv', '2020-PT2.csv', '2021-PT1.csv', '2021-PT2.csv', '2022-PT1.csv', '2022-PT2.csv', '2023-PT1.csv', '2023-PT2.csv']
[2025-07-23T22:21:18.564-0400] {taskinstance.py:1138} INFO - Marking task as SUCCESS. dag_id=etl_local_csv_pipeline, task_id=check_csv_files, execution_date=20250724T022116, start_date=20250724T022118, end_date=20250724T022118
[2025-07-23T22:21:18.599-0400] {local_task_job_runner.py:234} INFO - Task exited with return code 0
[2025-07-23T22:21:18.631-0400] {taskinstance.py:3280} INFO - 1 downstream tasks scheduled from follow-on schedule check
