[2025-07-23T22:37:14.008-0400] {taskinstance.py:1956} INFO - Dependencies all met for dep_context=non-requeueable deps ti=<TaskInstance: etl_local_csv_pipeline.extract_and_upload_to_minio manual__2025-07-24T02:37:09.951913+00:00 [queued]>
[2025-07-23T22:37:14.025-0400] {taskinstance.py:1956} INFO - Dependencies all met for dep_context=requeueable deps ti=<TaskInstance: etl_local_csv_pipeline.extract_and_upload_to_minio manual__2025-07-24T02:37:09.951913+00:00 [queued]>
[2025-07-23T22:37:14.027-0400] {taskinstance.py:2170} INFO - Starting attempt 1 of 2
[2025-07-23T22:37:14.056-0400] {taskinstance.py:2191} INFO - Executing <Task(PythonOperator): extract_and_upload_to_minio> on 2025-07-24 02:37:09.951913+00:00
[2025-07-23T22:37:14.076-0400] {standard_task_runner.py:60} INFO - Started process 245 to run task
[2025-07-23T22:37:14.086-0400] {standard_task_runner.py:87} INFO - Running: ['airflow', 'tasks', 'run', 'etl_local_csv_pipeline', 'extract_and_upload_to_minio', 'manual__2025-07-24T02:37:09.951913+00:00', '--job-id', '23', '--raw', '--subdir', 'DAGS_FOLDER/etl_local_dag.py', '--cfg-path', '/tmp/tmpbd9fituc']
[2025-07-23T22:37:14.091-0400] {standard_task_runner.py:88} INFO - Job 23: Subtask extract_and_upload_to_minio
[2025-07-23T22:37:14.161-0400] {task_command.py:423} INFO - Running <TaskInstance: etl_local_csv_pipeline.extract_and_upload_to_minio manual__2025-07-24T02:37:09.951913+00:00 [running]> on host a253e541d1df
[2025-07-23T22:37:14.272-0400] {taskinstance.py:2480} INFO - Exporting env vars: AIRFLOW_CTX_DAG_OWNER='data-team' AIRFLOW_CTX_DAG_ID='etl_local_csv_pipeline' AIRFLOW_CTX_TASK_ID='extract_and_upload_to_minio' AIRFLOW_CTX_EXECUTION_DATE='2025-07-24T02:37:09.951913+00:00' AIRFLOW_CTX_TRY_NUMBER='1' AIRFLOW_CTX_DAG_RUN_ID='manual__2025-07-24T02:37:09.951913+00:00'
[2025-07-23T22:37:17.187-0400] {logging_mixin.py:188} WARNING - /opt/airflow/dags/etl_local_dag.py:124 DtypeWarning: Columns (46) have mixed types. Specify dtype option on import or set low_memory=False.
[2025-07-23T22:37:17.570-0400] {etl_local_dag.py:128} INFO - File 2019-PT1.csv loaded with 148777 rows and 53 columns
[2025-07-23T22:37:21.993-0400] {etl_local_dag.py:148} INFO - Uploaded 2019-PT1.csv to MinIO as raw/local_data/2019-PT1.csv
[2025-07-23T22:37:23.346-0400] {etl_local_dag.py:128} INFO - File 2019-PT2.csv loaded with 74548 rows and 53 columns
[2025-07-23T22:37:25.554-0400] {etl_local_dag.py:148} INFO - Uploaded 2019-PT2.csv to MinIO as raw/local_data/2019-PT2.csv
[2025-07-23T22:37:28.286-0400] {logging_mixin.py:188} WARNING - /opt/airflow/dags/etl_local_dag.py:124 DtypeWarning: Columns (46) have mixed types. Specify dtype option on import or set low_memory=False.
[2025-07-23T22:37:28.662-0400] {etl_local_dag.py:128} INFO - File 2020-PT1.csv loaded with 140414 rows and 53 columns
[2025-07-23T22:37:33.025-0400] {etl_local_dag.py:148} INFO - Uploaded 2020-PT1.csv to MinIO as raw/local_data/2020-PT1.csv
[2025-07-23T22:37:34.293-0400] {logging_mixin.py:188} WARNING - /opt/airflow/dags/etl_local_dag.py:124 DtypeWarning: Columns (46) have mixed types. Specify dtype option on import or set low_memory=False.
[2025-07-23T22:37:34.370-0400] {etl_local_dag.py:128} INFO - File 2020-PT2.csv loaded with 77740 rows and 53 columns
[2025-07-23T22:37:36.735-0400] {etl_local_dag.py:148} INFO - Uploaded 2020-PT2.csv to MinIO as raw/local_data/2020-PT2.csv
[2025-07-23T22:37:40.162-0400] {logging_mixin.py:188} WARNING - /opt/airflow/dags/etl_local_dag.py:124 DtypeWarning: Columns (46) have mixed types. Specify dtype option on import or set low_memory=False.
[2025-07-23T22:37:41.003-0400] {etl_local_dag.py:128} INFO - File 2021-PT1.csv loaded with 151096 rows and 53 columns
[2025-07-23T22:37:46.270-0400] {etl_local_dag.py:148} INFO - Uploaded 2021-PT1.csv to MinIO as raw/local_data/2021-PT1.csv
[2025-07-23T22:37:47.895-0400] {logging_mixin.py:188} WARNING - /opt/airflow/dags/etl_local_dag.py:124 DtypeWarning: Columns (46) have mixed types. Specify dtype option on import or set low_memory=False.
[2025-07-23T22:37:48.004-0400] {etl_local_dag.py:128} INFO - File 2021-PT2.csv loaded with 73173 rows and 53 columns
[2025-07-23T22:37:52.036-0400] {etl_local_dag.py:148} INFO - Uploaded 2021-PT2.csv to MinIO as raw/local_data/2021-PT2.csv
[2025-07-23T22:37:54.898-0400] {etl_local_dag.py:128} INFO - File 2022-PT1.csv loaded with 159321 rows and 53 columns
[2025-07-23T22:37:59.088-0400] {etl_local_dag.py:148} INFO - Uploaded 2022-PT1.csv to MinIO as raw/local_data/2022-PT1.csv
[2025-07-23T22:38:00.530-0400] {logging_mixin.py:188} WARNING - /opt/airflow/dags/etl_local_dag.py:124 DtypeWarning: Columns (46) have mixed types. Specify dtype option on import or set low_memory=False.
[2025-07-23T22:38:00.611-0400] {etl_local_dag.py:128} INFO - File 2022-PT2.csv loaded with 70925 rows and 53 columns
[2025-07-23T22:38:02.462-0400] {etl_local_dag.py:148} INFO - Uploaded 2022-PT2.csv to MinIO as raw/local_data/2022-PT2.csv
[2025-07-23T22:38:04.837-0400] {logging_mixin.py:188} WARNING - /opt/airflow/dags/etl_local_dag.py:124 DtypeWarning: Columns (5,46) have mixed types. Specify dtype option on import or set low_memory=False.
[2025-07-23T22:38:05.046-0400] {etl_local_dag.py:128} INFO - File 2023-PT1.csv loaded with 147288 rows and 53 columns
[2025-07-23T22:38:09.130-0400] {etl_local_dag.py:148} INFO - Uploaded 2023-PT1.csv to MinIO as raw/local_data/2023-PT1.csv
[2025-07-23T22:38:10.605-0400] {logging_mixin.py:188} WARNING - /opt/airflow/dags/etl_local_dag.py:124 DtypeWarning: Columns (46) have mixed types. Specify dtype option on import or set low_memory=False.
[2025-07-23T22:38:10.758-0400] {etl_local_dag.py:128} INFO - File 2023-PT2.csv loaded with 71409 rows and 53 columns
[2025-07-23T22:38:13.123-0400] {etl_local_dag.py:148} INFO - Uploaded 2023-PT2.csv to MinIO as raw/local_data/2023-PT2.csv
[2025-07-23T22:38:13.142-0400] {python.py:201} INFO - Done. Returned value was: ['raw/local_data/2019-PT1.csv', 'raw/local_data/2019-PT2.csv', 'raw/local_data/2020-PT1.csv', 'raw/local_data/2020-PT2.csv', 'raw/local_data/2021-PT1.csv', 'raw/local_data/2021-PT2.csv', 'raw/local_data/2022-PT1.csv', 'raw/local_data/2022-PT2.csv', 'raw/local_data/2023-PT1.csv', 'raw/local_data/2023-PT2.csv']
[2025-07-23T22:38:13.187-0400] {taskinstance.py:1138} INFO - Marking task as SUCCESS. dag_id=etl_local_csv_pipeline, task_id=extract_and_upload_to_minio, execution_date=20250724T023709, start_date=20250724T023714, end_date=20250724T023813
[2025-07-23T22:38:13.288-0400] {local_task_job_runner.py:234} INFO - Task exited with return code 0
[2025-07-23T22:38:13.333-0400] {taskinstance.py:3280} INFO - 1 downstream tasks scheduled from follow-on schedule check
