[2025-07-23T22:38:16.775-0400] {taskinstance.py:1956} INFO - Dependencies all met for dep_context=non-requeueable deps ti=<TaskInstance: etl_local_csv_pipeline.trigger_spark_transformation manual__2025-07-24T02:37:09.951913+00:00 [queued]>
[2025-07-23T22:38:16.830-0400] {taskinstance.py:1956} INFO - Dependencies all met for dep_context=requeueable deps ti=<TaskInstance: etl_local_csv_pipeline.trigger_spark_transformation manual__2025-07-24T02:37:09.951913+00:00 [queued]>
[2025-07-23T22:38:16.836-0400] {taskinstance.py:2170} INFO - Starting attempt 1 of 2
[2025-07-23T22:38:16.905-0400] {taskinstance.py:2191} INFO - Executing <Task(PythonOperator): trigger_spark_transformation> on 2025-07-24 02:37:09.951913+00:00
[2025-07-23T22:38:16.919-0400] {standard_task_runner.py:60} INFO - Started process 296 to run task
[2025-07-23T22:38:16.925-0400] {standard_task_runner.py:87} INFO - Running: ['airflow', 'tasks', 'run', 'etl_local_csv_pipeline', 'trigger_spark_transformation', 'manual__2025-07-24T02:37:09.951913+00:00', '--job-id', '24', '--raw', '--subdir', 'DAGS_FOLDER/etl_local_dag.py', '--cfg-path', '/tmp/tmpxo8wgs5n']
[2025-07-23T22:38:16.929-0400] {standard_task_runner.py:88} INFO - Job 24: Subtask trigger_spark_transformation
[2025-07-23T22:38:17.049-0400] {task_command.py:423} INFO - Running <TaskInstance: etl_local_csv_pipeline.trigger_spark_transformation manual__2025-07-24T02:37:09.951913+00:00 [running]> on host a253e541d1df
[2025-07-23T22:38:17.166-0400] {taskinstance.py:2480} INFO - Exporting env vars: AIRFLOW_CTX_DAG_OWNER='data-team' AIRFLOW_CTX_DAG_ID='etl_local_csv_pipeline' AIRFLOW_CTX_TASK_ID='trigger_spark_transformation' AIRFLOW_CTX_EXECUTION_DATE='2025-07-24T02:37:09.951913+00:00' AIRFLOW_CTX_TRY_NUMBER='1' AIRFLOW_CTX_DAG_RUN_ID='manual__2025-07-24T02:37:09.951913+00:00'
[2025-07-23T22:38:18.060-0400] {etl_local_dag.py:174} INFO - Executing Spark job with command: docker exec spark_master /opt/bitnami/spark/bin/spark-submit --master spark://spark-master:7077 --packages org.apache.hadoop:hadoop-aws:3.3.4,com.amazonaws:aws-java-sdk-bundle:1.11.1034 /opt/bitnami/spark/spark_jobs/transform_local_data.py
[2025-07-23T22:38:18.181-0400] {etl_local_dag.py:179} ERROR - Spark job failed: Cannot connect to the Docker daemon at unix:///var/run/docker.sock. Is the docker daemon running?

[2025-07-23T22:38:18.182-0400] {etl_local_dag.py:180} ERROR - Spark stdout: 
[2025-07-23T22:38:18.183-0400] {etl_local_dag.py:192} ERROR - Error running Spark job: Spark job failed: Cannot connect to the Docker daemon at unix:///var/run/docker.sock. Is the docker daemon running?

[2025-07-23T22:38:18.184-0400] {etl_local_dag.py:194} INFO - Falling back to pandas processing...
[2025-07-23T22:38:18.185-0400] {etl_local_dag.py:200} INFO - Starting pandas transformation as Spark fallback...
[2025-07-23T22:38:18.205-0400] {etl_local_dag.py:220} INFO - Processing raw/local_data/2019-PT1.csv
[2025-07-23T22:38:19.742-0400] {logging_mixin.py:188} WARNING - /opt/airflow/dags/etl_local_dag.py:224 DtypeWarning: Columns (46) have mixed types. Specify dtype option on import or set low_memory=False.
[2025-07-23T22:38:20.168-0400] {etl_local_dag.py:239} INFO - Processed 148777 records from raw/local_data/2019-PT1.csv
[2025-07-23T22:38:20.170-0400] {etl_local_dag.py:220} INFO - Processing raw/local_data/2019-PT2.csv
[2025-07-23T22:38:21.025-0400] {etl_local_dag.py:239} INFO - Processed 74542 records from raw/local_data/2019-PT2.csv
[2025-07-23T22:38:21.029-0400] {etl_local_dag.py:220} INFO - Processing raw/local_data/2020-PT1.csv
[2025-07-23T22:38:22.078-0400] {logging_mixin.py:188} WARNING - /opt/airflow/dags/etl_local_dag.py:224 DtypeWarning: Columns (46) have mixed types. Specify dtype option on import or set low_memory=False.
[2025-07-23T22:38:22.537-0400] {etl_local_dag.py:239} INFO - Processed 140405 records from raw/local_data/2020-PT1.csv
[2025-07-23T22:38:22.538-0400] {etl_local_dag.py:220} INFO - Processing raw/local_data/2020-PT2.csv
[2025-07-23T22:38:23.379-0400] {logging_mixin.py:188} WARNING - /opt/airflow/dags/etl_local_dag.py:224 DtypeWarning: Columns (46) have mixed types. Specify dtype option on import or set low_memory=False.
[2025-07-23T22:38:23.608-0400] {etl_local_dag.py:239} INFO - Processed 77736 records from raw/local_data/2020-PT2.csv
[2025-07-23T22:38:23.609-0400] {etl_local_dag.py:220} INFO - Processing raw/local_data/2021-PT1.csv
[2025-07-23T22:38:24.892-0400] {logging_mixin.py:188} WARNING - /opt/airflow/dags/etl_local_dag.py:224 DtypeWarning: Columns (46) have mixed types. Specify dtype option on import or set low_memory=False.
[2025-07-23T22:38:26.342-0400] {etl_local_dag.py:239} INFO - Processed 151092 records from raw/local_data/2021-PT1.csv
[2025-07-23T22:38:26.343-0400] {etl_local_dag.py:220} INFO - Processing raw/local_data/2021-PT2.csv
[2025-07-23T22:38:26.956-0400] {logging_mixin.py:188} WARNING - /opt/airflow/dags/etl_local_dag.py:224 DtypeWarning: Columns (46) have mixed types. Specify dtype option on import or set low_memory=False.
[2025-07-23T22:38:27.123-0400] {etl_local_dag.py:239} INFO - Processed 73171 records from raw/local_data/2021-PT2.csv
[2025-07-23T22:38:27.124-0400] {etl_local_dag.py:220} INFO - Processing raw/local_data/2022-PT1.csv
[2025-07-23T22:38:29.802-0400] {etl_local_dag.py:239} INFO - Processed 159312 records from raw/local_data/2022-PT1.csv
[2025-07-23T22:38:29.804-0400] {etl_local_dag.py:220} INFO - Processing raw/local_data/2022-PT2.csv
[2025-07-23T22:38:30.393-0400] {logging_mixin.py:188} WARNING - /opt/airflow/dags/etl_local_dag.py:224 DtypeWarning: Columns (46) have mixed types. Specify dtype option on import or set low_memory=False.
[2025-07-23T22:38:30.573-0400] {etl_local_dag.py:239} INFO - Processed 70924 records from raw/local_data/2022-PT2.csv
[2025-07-23T22:38:30.575-0400] {etl_local_dag.py:220} INFO - Processing raw/local_data/2023-PT1.csv
[2025-07-23T22:38:31.617-0400] {logging_mixin.py:188} WARNING - /opt/airflow/dags/etl_local_dag.py:224 DtypeWarning: Columns (5,46) have mixed types. Specify dtype option on import or set low_memory=False.
[2025-07-23T22:38:32.848-0400] {etl_local_dag.py:239} INFO - Processed 147285 records from raw/local_data/2023-PT1.csv
[2025-07-23T22:38:32.849-0400] {etl_local_dag.py:220} INFO - Processing raw/local_data/2023-PT2.csv
[2025-07-23T22:38:33.418-0400] {logging_mixin.py:188} WARNING - /opt/airflow/dags/etl_local_dag.py:224 DtypeWarning: Columns (46) have mixed types. Specify dtype option on import or set low_memory=False.
[2025-07-23T22:38:33.607-0400] {etl_local_dag.py:239} INFO - Processed 71409 records from raw/local_data/2023-PT2.csv
[2025-07-23T22:38:37.337-0400] {etl_local_dag.py:244} INFO - Combined 1114653 total records
[2025-07-23T22:39:29.099-0400] {etl_local_dag.py:258} INFO - SUCCESS: Processed data uploaded to processed/local_data/processed_export_data_20250723_223917.csv
[2025-07-23T22:39:29.102-0400] {etl_local_dag.py:259} INFO - Total records processed: 1114653
[2025-07-23T22:39:30.042-0400] {python.py:201} INFO - Done. Returned value was: True
[2025-07-23T22:39:31.944-0400] {taskinstance.py:1138} INFO - Marking task as SUCCESS. dag_id=etl_local_csv_pipeline, task_id=trigger_spark_transformation, execution_date=20250724T023709, start_date=20250724T023816, end_date=20250724T023931
[2025-07-23T22:39:32.063-0400] {local_task_job_runner.py:234} INFO - Task exited with return code 0
[2025-07-23T22:39:32.136-0400] {taskinstance.py:3280} INFO - 1 downstream tasks scheduled from follow-on schedule check
