[2025-07-23T22:03:24.558-0400] {taskinstance.py:1956} INFO - Dependencies all met for dep_context=non-requeueable deps ti=<TaskInstance: etl_local_csv_pipeline.check_csv_files manual__2025-07-24T02:03:22.329965+00:00 [queued]>
[2025-07-23T22:03:24.585-0400] {taskinstance.py:1956} INFO - Dependencies all met for dep_context=requeueable deps ti=<TaskInstance: etl_local_csv_pipeline.check_csv_files manual__2025-07-24T02:03:22.329965+00:00 [queued]>
[2025-07-23T22:03:24.587-0400] {taskinstance.py:2170} INFO - Starting attempt 1 of 2
[2025-07-23T22:03:24.627-0400] {taskinstance.py:2191} INFO - Executing <Task(PythonOperator): check_csv_files> on 2025-07-24 02:03:22.329965+00:00
[2025-07-23T22:03:24.641-0400] {standard_task_runner.py:60} INFO - Started process 257 to run task
[2025-07-23T22:03:24.655-0400] {standard_task_runner.py:87} INFO - Running: ['airflow', 'tasks', 'run', 'etl_local_csv_pipeline', 'check_csv_files', 'manual__2025-07-24T02:03:22.329965+00:00', '--job-id', '9', '--raw', '--subdir', 'DAGS_FOLDER/etl_local_dag.py', '--cfg-path', '/tmp/tmp9_w0l4h5']
[2025-07-23T22:03:24.667-0400] {standard_task_runner.py:88} INFO - Job 9: Subtask check_csv_files
[2025-07-23T22:03:24.794-0400] {task_command.py:423} INFO - Running <TaskInstance: etl_local_csv_pipeline.check_csv_files manual__2025-07-24T02:03:22.329965+00:00 [running]> on host a253e541d1df
[2025-07-23T22:03:24.995-0400] {taskinstance.py:2480} INFO - Exporting env vars: AIRFLOW_CTX_DAG_OWNER='data-team' AIRFLOW_CTX_DAG_ID='etl_local_csv_pipeline' AIRFLOW_CTX_TASK_ID='check_csv_files' AIRFLOW_CTX_EXECUTION_DATE='2025-07-24T02:03:22.329965+00:00' AIRFLOW_CTX_TRY_NUMBER='1' AIRFLOW_CTX_DAG_RUN_ID='manual__2025-07-24T02:03:22.329965+00:00'
[2025-07-23T22:03:25.009-0400] {etl_local_dag.py:46} INFO - Found CSV files: ['2019-PT1.csv', '2019-PT2.csv', '2020-PT1.csv', '2020-PT2.csv', '2021-PT1.csv', '2021-PT2.csv', '2022-PT1.csv', '2022-PT2.csv', '2023-PT1.csv', '2023-PT2.csv']
[2025-07-23T22:03:25.076-0400] {etl_local_dag.py:60} INFO - ✓ 2019-PT1.csv - Successfully read with latin-1 encoding
[2025-07-23T22:03:25.078-0400] {etl_local_dag.py:79} INFO - ✓ 2019-PT1.csv - Valid Chilean export data file
[2025-07-23T22:03:25.079-0400] {etl_local_dag.py:80} INFO -   Columns found: DIA, MES, AÑO, NUMERO DE ACEPTACION, ADUANA, RUT, DV, EXPORTADOR, PARTIDA ARANCELARIA, PRODUCTO...
[2025-07-23T22:03:25.126-0400] {etl_local_dag.py:60} INFO - ✓ 2019-PT2.csv - Successfully read with latin-1 encoding
[2025-07-23T22:03:25.128-0400] {etl_local_dag.py:79} INFO - ✓ 2019-PT2.csv - Valid Chilean export data file
[2025-07-23T22:03:25.129-0400] {etl_local_dag.py:80} INFO -   Columns found: DIA, MES, AÑO, NUMERO DE ACEPTACION, ADUANA, RUT, DV, EXPORTADOR, PARTIDA ARANCELARIA, PRODUCTO...
[2025-07-23T22:03:25.168-0400] {etl_local_dag.py:60} INFO - ✓ 2020-PT1.csv - Successfully read with latin-1 encoding
[2025-07-23T22:03:25.170-0400] {etl_local_dag.py:79} INFO - ✓ 2020-PT1.csv - Valid Chilean export data file
[2025-07-23T22:03:25.171-0400] {etl_local_dag.py:80} INFO -   Columns found: DIA, MES, AÑO, NUMERO DE ACEPTACION, ADUANA, RUT, DV, EXPORTADOR, PARTIDA ARANCELARIA, PRODUCTO...
[2025-07-23T22:03:25.212-0400] {etl_local_dag.py:60} INFO - ✓ 2020-PT2.csv - Successfully read with latin-1 encoding
[2025-07-23T22:03:25.214-0400] {etl_local_dag.py:79} INFO - ✓ 2020-PT2.csv - Valid Chilean export data file
[2025-07-23T22:03:25.216-0400] {etl_local_dag.py:80} INFO -   Columns found: DIA, MES, AÑO, NUMERO DE ACEPTACION, ADUANA, RUT, DV, EXPORTADOR, PARTIDA ARANCELARIA, PRODUCTO...
[2025-07-23T22:03:25.258-0400] {etl_local_dag.py:60} INFO - ✓ 2021-PT1.csv - Successfully read with latin-1 encoding
[2025-07-23T22:03:25.260-0400] {etl_local_dag.py:79} INFO - ✓ 2021-PT1.csv - Valid Chilean export data file
[2025-07-23T22:03:25.262-0400] {etl_local_dag.py:80} INFO -   Columns found: DIA, MES, AÑO, NUMERO DE ACEPTACION, ADUANA, RUT, DV, EXPORTADOR, PARTIDA ARANCELARIA, PRODUCTO...
[2025-07-23T22:03:25.313-0400] {etl_local_dag.py:60} INFO - ✓ 2021-PT2.csv - Successfully read with latin-1 encoding
[2025-07-23T22:03:25.316-0400] {etl_local_dag.py:79} INFO - ✓ 2021-PT2.csv - Valid Chilean export data file
[2025-07-23T22:03:25.318-0400] {etl_local_dag.py:80} INFO -   Columns found: DIA, MES, AÑO, NUMERO DE ACEPTACION, ADUANA, RUT, DV, EXPORTADOR, PARTIDA ARANCELARIA, PRODUCTO...
[2025-07-23T22:03:25.356-0400] {etl_local_dag.py:60} INFO - ✓ 2022-PT1.csv - Successfully read with latin-1 encoding
[2025-07-23T22:03:25.357-0400] {etl_local_dag.py:79} INFO - ✓ 2022-PT1.csv - Valid Chilean export data file
[2025-07-23T22:03:25.358-0400] {etl_local_dag.py:80} INFO -   Columns found: DIA, MES, AÑO, NUMERO DE ACEPTACION, ADUANA, RUT, DV, EXPORTADOR, PARTIDA ARANCELARIA, PRODUCTO...
[2025-07-23T22:03:25.395-0400] {etl_local_dag.py:60} INFO - ✓ 2022-PT2.csv - Successfully read with latin-1 encoding
[2025-07-23T22:03:25.396-0400] {etl_local_dag.py:79} INFO - ✓ 2022-PT2.csv - Valid Chilean export data file
[2025-07-23T22:03:25.397-0400] {etl_local_dag.py:80} INFO -   Columns found: DIA, MES, AÑO, NUMERO DE ACEPTACION, ADUANA, RUT, DV, EXPORTADOR, PARTIDA ARANCELARIA, PRODUCTO...
[2025-07-23T22:03:25.433-0400] {etl_local_dag.py:60} INFO - ✓ 2023-PT1.csv - Successfully read with latin-1 encoding
[2025-07-23T22:03:25.434-0400] {etl_local_dag.py:79} INFO - ✓ 2023-PT1.csv - Valid Chilean export data file
[2025-07-23T22:03:25.435-0400] {etl_local_dag.py:80} INFO -   Columns found: DIA, MES, AÑO, NUMERO DE ACEPTACION, ADUANA, RUT, DV, EXPORTADOR, PARTIDA ARANCELARIA, PRODUCTO...
[2025-07-23T22:03:25.470-0400] {etl_local_dag.py:60} INFO - ✓ 2023-PT2.csv - Successfully read with latin-1 encoding
[2025-07-23T22:03:25.471-0400] {etl_local_dag.py:79} INFO - ✓ 2023-PT2.csv - Valid Chilean export data file
[2025-07-23T22:03:25.472-0400] {etl_local_dag.py:80} INFO -   Columns found: DIA, MES, AÑO, NUMERO DE ACEPTACION, ADUANA, RUT, DV, EXPORTADOR, PARTIDA ARANCELARIA, PRODUCTO...
[2025-07-23T22:03:25.472-0400] {etl_local_dag.py:93} INFO - Valid export data files: ['2019-PT1.csv', '2019-PT2.csv', '2020-PT1.csv', '2020-PT2.csv', '2021-PT1.csv', '2021-PT2.csv', '2022-PT1.csv', '2022-PT2.csv', '2023-PT1.csv', '2023-PT2.csv']
[2025-07-23T22:03:25.473-0400] {python.py:201} INFO - Done. Returned value was: ['2019-PT1.csv', '2019-PT2.csv', '2020-PT1.csv', '2020-PT2.csv', '2021-PT1.csv', '2021-PT2.csv', '2022-PT1.csv', '2022-PT2.csv', '2023-PT1.csv', '2023-PT2.csv']
[2025-07-23T22:03:25.515-0400] {taskinstance.py:1138} INFO - Marking task as SUCCESS. dag_id=etl_local_csv_pipeline, task_id=check_csv_files, execution_date=20250724T020322, start_date=20250724T020324, end_date=20250724T020325
[2025-07-23T22:03:25.558-0400] {local_task_job_runner.py:234} INFO - Task exited with return code 0
[2025-07-23T22:03:25.614-0400] {taskinstance.py:3280} INFO - 0 downstream tasks scheduled from follow-on schedule check
