[2025-07-23T22:21:19.504-0400] {taskinstance.py:1956} INFO - Dependencies all met for dep_context=non-requeueable deps ti=<TaskInstance: etl_local_csv_pipeline.extract_and_upload_to_minio manual__2025-07-24T02:21:16.705138+00:00 [queued]>
[2025-07-23T22:21:19.520-0400] {taskinstance.py:1956} INFO - Dependencies all met for dep_context=requeueable deps ti=<TaskInstance: etl_local_csv_pipeline.extract_and_upload_to_minio manual__2025-07-24T02:21:16.705138+00:00 [queued]>
[2025-07-23T22:21:19.521-0400] {taskinstance.py:2170} INFO - Starting attempt 1 of 2
[2025-07-23T22:21:19.541-0400] {taskinstance.py:2191} INFO - Executing <Task(PythonOperator): extract_and_upload_to_minio> on 2025-07-24 02:21:16.705138+00:00
[2025-07-23T22:21:19.547-0400] {standard_task_runner.py:60} INFO - Started process 233 to run task
[2025-07-23T22:21:19.550-0400] {standard_task_runner.py:87} INFO - Running: ['airflow', 'tasks', 'run', 'etl_local_csv_pipeline', 'extract_and_upload_to_minio', 'manual__2025-07-24T02:21:16.705138+00:00', '--job-id', '17', '--raw', '--subdir', 'DAGS_FOLDER/etl_local_dag.py', '--cfg-path', '/tmp/tmp5kq8lg5k']
[2025-07-23T22:21:19.554-0400] {standard_task_runner.py:88} INFO - Job 17: Subtask extract_and_upload_to_minio
[2025-07-23T22:21:19.646-0400] {task_command.py:423} INFO - Running <TaskInstance: etl_local_csv_pipeline.extract_and_upload_to_minio manual__2025-07-24T02:21:16.705138+00:00 [running]> on host a253e541d1df
[2025-07-23T22:21:19.777-0400] {taskinstance.py:2480} INFO - Exporting env vars: AIRFLOW_CTX_DAG_OWNER='data-team' AIRFLOW_CTX_DAG_ID='etl_local_csv_pipeline' AIRFLOW_CTX_TASK_ID='extract_and_upload_to_minio' AIRFLOW_CTX_EXECUTION_DATE='2025-07-24T02:21:16.705138+00:00' AIRFLOW_CTX_TRY_NUMBER='1' AIRFLOW_CTX_DAG_RUN_ID='manual__2025-07-24T02:21:16.705138+00:00'
[2025-07-23T22:21:22.727-0400] {logging_mixin.py:188} WARNING - /opt/airflow/dags/etl_local_dag.py:124 DtypeWarning: Columns (46) have mixed types. Specify dtype option on import or set low_memory=False.
[2025-07-23T22:21:23.118-0400] {etl_local_dag.py:128} INFO - File 2019-PT1.csv loaded with 148777 rows and 53 columns
[2025-07-23T22:21:27.240-0400] {etl_local_dag.py:148} INFO - Uploaded 2019-PT1.csv to MinIO as raw/local_data/2019-PT1.csv
[2025-07-23T22:21:28.524-0400] {etl_local_dag.py:128} INFO - File 2019-PT2.csv loaded with 74548 rows and 53 columns
[2025-07-23T22:21:30.776-0400] {etl_local_dag.py:148} INFO - Uploaded 2019-PT2.csv to MinIO as raw/local_data/2019-PT2.csv
[2025-07-23T22:21:33.441-0400] {logging_mixin.py:188} WARNING - /opt/airflow/dags/etl_local_dag.py:124 DtypeWarning: Columns (46) have mixed types. Specify dtype option on import or set low_memory=False.
[2025-07-23T22:21:33.794-0400] {etl_local_dag.py:128} INFO - File 2020-PT1.csv loaded with 140414 rows and 53 columns
[2025-07-23T22:21:37.367-0400] {etl_local_dag.py:148} INFO - Uploaded 2020-PT1.csv to MinIO as raw/local_data/2020-PT1.csv
[2025-07-23T22:21:38.962-0400] {logging_mixin.py:188} WARNING - /opt/airflow/dags/etl_local_dag.py:124 DtypeWarning: Columns (46) have mixed types. Specify dtype option on import or set low_memory=False.
[2025-07-23T22:21:39.071-0400] {etl_local_dag.py:128} INFO - File 2020-PT2.csv loaded with 77740 rows and 53 columns
[2025-07-23T22:21:41.381-0400] {etl_local_dag.py:148} INFO - Uploaded 2020-PT2.csv to MinIO as raw/local_data/2020-PT2.csv
[2025-07-23T22:21:44.273-0400] {logging_mixin.py:188} WARNING - /opt/airflow/dags/etl_local_dag.py:124 DtypeWarning: Columns (46) have mixed types. Specify dtype option on import or set low_memory=False.
[2025-07-23T22:21:44.746-0400] {etl_local_dag.py:128} INFO - File 2021-PT1.csv loaded with 151096 rows and 53 columns
[2025-07-23T22:21:49.010-0400] {etl_local_dag.py:148} INFO - Uploaded 2021-PT1.csv to MinIO as raw/local_data/2021-PT1.csv
[2025-07-23T22:21:50.095-0400] {logging_mixin.py:188} WARNING - /opt/airflow/dags/etl_local_dag.py:124 DtypeWarning: Columns (46) have mixed types. Specify dtype option on import or set low_memory=False.
[2025-07-23T22:21:50.194-0400] {etl_local_dag.py:128} INFO - File 2021-PT2.csv loaded with 73173 rows and 53 columns
[2025-07-23T22:21:53.462-0400] {etl_local_dag.py:148} INFO - Uploaded 2021-PT2.csv to MinIO as raw/local_data/2021-PT2.csv
[2025-07-23T22:21:56.066-0400] {etl_local_dag.py:128} INFO - File 2022-PT1.csv loaded with 159321 rows and 53 columns
[2025-07-23T22:22:01.415-0400] {etl_local_dag.py:148} INFO - Uploaded 2022-PT1.csv to MinIO as raw/local_data/2022-PT1.csv
[2025-07-23T22:22:02.634-0400] {logging_mixin.py:188} WARNING - /opt/airflow/dags/etl_local_dag.py:124 DtypeWarning: Columns (46) have mixed types. Specify dtype option on import or set low_memory=False.
[2025-07-23T22:22:02.707-0400] {etl_local_dag.py:128} INFO - File 2022-PT2.csv loaded with 70925 rows and 53 columns
[2025-07-23T22:22:04.985-0400] {etl_local_dag.py:148} INFO - Uploaded 2022-PT2.csv to MinIO as raw/local_data/2022-PT2.csv
[2025-07-23T22:22:07.518-0400] {logging_mixin.py:188} WARNING - /opt/airflow/dags/etl_local_dag.py:124 DtypeWarning: Columns (5,46) have mixed types. Specify dtype option on import or set low_memory=False.
[2025-07-23T22:22:07.754-0400] {etl_local_dag.py:128} INFO - File 2023-PT1.csv loaded with 147288 rows and 53 columns
[2025-07-23T22:22:13.315-0400] {etl_local_dag.py:148} INFO - Uploaded 2023-PT1.csv to MinIO as raw/local_data/2023-PT1.csv
[2025-07-23T22:22:15.342-0400] {logging_mixin.py:188} WARNING - /opt/airflow/dags/etl_local_dag.py:124 DtypeWarning: Columns (46) have mixed types. Specify dtype option on import or set low_memory=False.
[2025-07-23T22:22:15.465-0400] {etl_local_dag.py:128} INFO - File 2023-PT2.csv loaded with 71409 rows and 53 columns
[2025-07-23T22:22:17.722-0400] {etl_local_dag.py:148} INFO - Uploaded 2023-PT2.csv to MinIO as raw/local_data/2023-PT2.csv
[2025-07-23T22:22:17.731-0400] {python.py:201} INFO - Done. Returned value was: ['raw/local_data/2019-PT1.csv', 'raw/local_data/2019-PT2.csv', 'raw/local_data/2020-PT1.csv', 'raw/local_data/2020-PT2.csv', 'raw/local_data/2021-PT1.csv', 'raw/local_data/2021-PT2.csv', 'raw/local_data/2022-PT1.csv', 'raw/local_data/2022-PT2.csv', 'raw/local_data/2023-PT1.csv', 'raw/local_data/2023-PT2.csv']
[2025-07-23T22:22:17.768-0400] {taskinstance.py:1138} INFO - Marking task as SUCCESS. dag_id=etl_local_csv_pipeline, task_id=extract_and_upload_to_minio, execution_date=20250724T022116, start_date=20250724T022119, end_date=20250724T022217
[2025-07-23T22:22:17.833-0400] {local_task_job_runner.py:234} INFO - Task exited with return code 0
[2025-07-23T22:22:17.880-0400] {taskinstance.py:3280} INFO - 1 downstream tasks scheduled from follow-on schedule check
